#
# There is insufficient memory for the Java Runtime Environment to continue.
# Native memory allocation (malloc) failed to allocate 189856 bytes for Chunk::new
# Possible reasons:
#   The system is out of physical RAM or swap space
#   In 32 bit mode, the process size limit was hit
# Possible solutions:
#   Reduce memory load on the system
#   Increase physical memory or swap space
#   Check if swap backing store is full
#   Use 64 bit Java on a 64 bit OS
#   Decrease Java heap size (-Xmx/-Xms)
#   Decrease number of Java threads
#   Decrease Java thread stack sizes (-Xss)
#   Set larger code cache with -XX:ReservedCodeCacheSize=
# This output file may be truncated or incomplete.
#
#  Out of Memory Error (allocation.cpp:390), pid=9940, tid=0x0000000000003fcc
#
# JRE version: Java(TM) SE Runtime Environment (8.0_191-b12) (build 1.8.0_191-b12)
# Java VM: Java HotSpot(TM) 64-Bit Server VM (25.191-b12 mixed mode windows-amd64 compressed oops)
# Failed to write core dump. Minidumps are not enabled by default on client versions of Windows
#

---------------  T H R E A D  ---------------

Current thread (0x000000001866b000):  JavaThread "C2 CompilerThread1" daemon [_thread_in_native, id=16332, stack(0x0000000018c00000,0x0000000018d00000)]

Stack: [0x0000000018c00000,0x0000000018d00000]
[error occurred during error reporting (printing stack bounds), id 0xc0000005]

Native frames: (J=compiled Java code, j=interpreted, Vv=VM code, C=native code)


Current CompileTask:
C2:  31979 1583       4       java.io.DataInputStream::readUTF (501 bytes)


---------------  P R O C E S S  ---------------

Java Threads: ( => current thread )
  0x0000000019698000 JavaThread "Okio Watchdog" daemon [_thread_blocked, id=4284, stack(0x000000001a9b0000,0x000000001aab0000)]
  0x0000000019810000 JavaThread "OkHttp ConnectionPool" daemon [_thread_blocked, id=12644, stack(0x000000001a8b0000,0x000000001a9b0000)]
  0x00000000195e2000 JavaThread "Exec Stream Pumper" daemon [_thread_in_native, id=11440, stack(0x000000001a2b0000,0x000000001a3b0000)]
  0x00000000195e4000 JavaThread "Exec Stream Pumper" daemon [_thread_in_native, id=18772, stack(0x000000001a1b0000,0x000000001a2b0000)]
  0x00000000195e3000 JavaThread "UrlChecker-2" daemon [_thread_blocked, id=18748, stack(0x0000000019fb0000,0x000000001a0b0000)]
  0x00000000195e0800 JavaThread "Exec Default Executor" daemon [_thread_in_native, id=17648, stack(0x0000000019eb0000,0x0000000019fb0000)]
  0x0000000016fee000 JavaThread "Service Thread" daemon [_thread_blocked, id=15480, stack(0x0000000018e00000,0x0000000018f00000)]
  0x0000000016fea800 JavaThread "C1 CompilerThread2" daemon [_thread_blocked, id=18540, stack(0x0000000018d00000,0x0000000018e00000)]
=>0x000000001866b000 JavaThread "C2 CompilerThread1" daemon [_thread_in_native, id=16332, stack(0x0000000018c00000,0x0000000018d00000)]
  0x0000000016fba000 JavaThread "C2 CompilerThread0" daemon [_thread_in_native, id=12936, stack(0x0000000018b00000,0x0000000018c00000)]
  0x0000000016fac000 JavaThread "Monitor Ctrl-Break" daemon [_thread_in_native, id=960, stack(0x0000000018a00000,0x0000000018b00000)]
  0x0000000016f95800 JavaThread "Attach Listener" daemon [_thread_blocked, id=3464, stack(0x0000000018500000,0x0000000018600000)]
  0x0000000016f94000 JavaThread "Signal Dispatcher" daemon [_thread_blocked, id=18860, stack(0x0000000018400000,0x0000000018500000)]
  0x000000000261c000 JavaThread "Finalizer" daemon [_thread_blocked, id=7332, stack(0x00000000181e0000,0x00000000182e0000)]
  0x0000000002613000 JavaThread "Reference Handler" daemon [_thread_blocked, id=18248, stack(0x00000000180e0000,0x00000000181e0000)]
  0x0000000002523800 JavaThread "main" [_thread_in_vm, id=18216, stack(0x0000000002170000,0x0000000002270000)]

Other Threads:
  0x0000000016f57800 VMThread [stack: 0x0000000017fe0000,0x00000000180e0000] [id=3092]
  0x00000000186ae800 WatcherThread [stack: 0x0000000018f00000,0x0000000019000000] [id=18904]

VM state:not at safepoint (normal execution)

VM Mutex/Monitor currently owned by a thread:  ([mutex/lock_event])
[0x00000000025200d0] AdapterHandlerLibrary_lock - owner thread: 0x0000000002523800

Heap:
 PSYoungGen      total 36864K, used 29937K [0x00000000d6e00000, 0x00000000d9700000, 0x0000000100000000)
  eden space 31744K, 79% used [0x00000000d6e00000,0x00000000d8686568,0x00000000d8d00000)
  from space 5120K, 94% used [0x00000000d8d00000,0x00000000d91b6030,0x00000000d9200000)
  to   space 5120K, 0% used [0x00000000d9200000,0x00000000d9200000,0x00000000d9700000)
 ParOldGen       total 84992K, used 16K [0x0000000084a00000, 0x0000000089d00000, 0x00000000d6e00000)
  object space 84992K, 0% used [0x0000000084a00000,0x0000000084a04000,0x0000000089d00000)
 Metaspace       used 14907K, capacity 15624K, committed 15872K, reserved 1062912K
  class space    used 1860K, capacity 2048K, committed 2048K, reserved 1048576K

Card table byte_map: [0x00000000119e0000,0x0000000011dc0000] byte_map_base: 0x00000000115bb000

Marking Bits: (ParMarkBitMap*) 0x000000005c943e30
 Begin Bits: [0x0000000012460000, 0x0000000014338000)
 End Bits:   [0x0000000014338000, 0x0000000016210000)

Polling page: 0x0000000002120000

CodeCache: size=245760Kb used=5392Kb max_used=5392Kb free=240367Kb
 bounds [0x0000000002620000, 0x0000000002b70000, 0x0000000011620000]
 total_blobs=1987 nmethods=1586 adapters=313
 compilation: enabled

Compilation events (10 events):
Event: 31.962 Thread 0x0000000016fea800 1582       3       java.lang.String$CaseInsensitiveComparator::compare (111 bytes)
Event: 31.963 Thread 0x0000000016fea800 nmethod 1582 0x0000000002b62bd0 code [0x0000000002b62e60, 0x0000000002b63ef8]
Event: 31.969 Thread 0x000000001866b000 1583       4       java.io.DataInputStream::readUTF (501 bytes)
Event: 31.970 Thread 0x0000000016fea800 1584       3       java.io.DataInputStream::readFully (9 bytes)
Event: 31.970 Thread 0x0000000016fea800 nmethod 1584 0x0000000002b64a10 code [0x0000000002b64b80, 0x0000000002b64da8]
Event: 31.970 Thread 0x0000000016fea800 1585       3       java.util.concurrent.ConcurrentHashMap::put (8 bytes)
Event: 31.970 Thread 0x0000000016fea800 nmethod 1585 0x0000000002b64e90 code [0x0000000002b65000, 0x0000000002b65208]
Event: 31.971 Thread 0x0000000016fea800 1586       1       java.util.Arrays$ArrayList::get (7 bytes)
Event: 31.971 Thread 0x0000000016fea800 nmethod 1586 0x0000000002b65290 code [0x0000000002b653e0, 0x0000000002b65510]
Event: 31.972 Thread 0x0000000016fba000 1587   !   4       java.util.concurrent.ConcurrentHashMap::putVal (362 bytes)

GC Heap History (2 events):
Event: 3.389 GC heap before
{Heap before GC invocations=1 (full 0):
 PSYoungGen      total 36864K, used 31744K [0x00000000d6e00000, 0x00000000d9700000, 0x0000000100000000)
  eden space 31744K, 100% used [0x00000000d6e00000,0x00000000d8d00000,0x00000000d8d00000)
  from space 5120K, 0% used [0x00000000d9200000,0x00000000d9200000,0x00000000d9700000)
  to   space 5120K, 0% used [0x00000000d8d00000,0x00000000d8d00000,0x00000000d9200000)
 ParOldGen       total 84992K, used 0K [0x0000000084a00000, 0x0000000089d00000, 0x00000000d6e00000)
  object space 84992K, 0% used [0x0000000084a00000,0x0000000084a00000,0x0000000089d00000)
 Metaspace       used 10369K, capacity 10638K, committed 10880K, reserved 1058816K
  class space    used 1217K, capacity 1321K, committed 1408K, reserved 1048576K
Event: 3.402 GC heap after
Heap after GC invocations=1 (full 0):
 PSYoungGen      total 36864K, used 4824K [0x00000000d6e00000, 0x00000000d9700000, 0x0000000100000000)
  eden space 31744K, 0% used [0x00000000d6e00000,0x00000000d6e00000,0x00000000d8d00000)
  from space 5120K, 94% used [0x00000000d8d00000,0x00000000d91b6030,0x00000000d9200000)
  to   space 5120K, 0% used [0x00000000d9200000,0x00000000d9200000,0x00000000d9700000)
 ParOldGen       total 84992K, used 16K [0x0000000084a00000, 0x0000000089d00000, 0x00000000d6e00000)
  object space 84992K, 0% used [0x0000000084a00000,0x0000000084a04000,0x0000000089d00000)
 Metaspace       used 10369K, capacity 10638K, committed 10880K, reserved 1058816K
  class space    used 1217K, capacity 1321K, committed 1408K, reserved 1048576K
}

Deoptimization events (10 events):
Event: 4.214 Thread 0x0000000002523800 Uncommon trap: reason=class_check action=maybe_recompile pc=0x00000000029efac4 method=java.util.regex.Matcher.search(I)Z @ 86
Event: 4.214 Thread 0x0000000002523800 Uncommon trap: reason=class_check action=maybe_recompile pc=0x0000000002949924 method=java.util.regex.Pattern$Curly.match(Ljava/util/regex/Matcher;ILjava/lang/CharSequence;)Z @ 19
Event: 4.214 Thread 0x0000000002523800 Uncommon trap: reason=class_check action=maybe_recompile pc=0x00000000029efac4 method=java.util.regex.Matcher.search(I)Z @ 86
Event: 4.214 Thread 0x0000000002523800 Uncommon trap: reason=class_check action=maybe_recompile pc=0x00000000029efac4 method=java.util.regex.Matcher.search(I)Z @ 86
Event: 4.214 Thread 0x0000000002523800 Uncommon trap: reason=class_check action=maybe_recompile pc=0x00000000029efac4 method=java.util.regex.Matcher.search(I)Z @ 86
Event: 4.214 Thread 0x0000000002523800 Uncommon trap: reason=class_check action=maybe_recompile pc=0x0000000002949924 method=java.util.regex.Pattern$Curly.match(Ljava/util/regex/Matcher;ILjava/lang/CharSequence;)Z @ 19
Event: 4.224 Thread 0x0000000002523800 Uncommon trap: reason=class_check action=maybe_recompile pc=0x0000000002949924 method=java.util.regex.Pattern$Curly.match(Ljava/util/regex/Matcher;ILjava/lang/CharSequence;)Z @ 19
Event: 4.224 Thread 0x0000000002523800 Uncommon trap: reason=class_check action=maybe_recompile pc=0x0000000002949924 method=java.util.regex.Pattern$Curly.match(Ljava/util/regex/Matcher;ILjava/lang/CharSequence;)Z @ 19
Event: 4.282 Thread 0x0000000002523800 Uncommon trap: reason=unstable_if action=reinterpret pc=0x0000000002a66fe8 method=java.util.regex.Pattern$BmpCharProperty.match(Ljava/util/regex/Matcher;ILjava/lang/CharSequence;)Z @ 34
Event: 7.647 Thread 0x0000000002523800 Uncommon trap: reason=unstable_if action=reinterpret pc=0x0000000002a59364 method=sun.net.www.ParseUtil.encodePath(Ljava/lang/String;Z)Ljava/lang/String; @ 109

Classes redefined (0 events):
No events

Internal exceptions (10 events):
Event: 28.101 Thread 0x0000000002523800 Exception <a 'java/net/SocketTimeoutException': Read timed out> (0x00000000d83e3b40) thrown at [C:\re\workspace\8-2-build-windows-amd64-cygwin\jdk8u191\11896\hotspot\src\share\vm\prims\jni.cpp, line 735]
Event: 28.167 Thread 0x0000000002523800 Exception <a 'java/net/SocketTimeoutException': Read timed out> (0x00000000d83fb198) thrown at [C:\re\workspace\8-2-build-windows-amd64-cygwin\jdk8u191\11896\hotspot\src\share\vm\prims\jni.cpp, line 735]
Event: 28.228 Thread 0x0000000002523800 Exception <a 'java/net/SocketTimeoutException': Read timed out> (0x00000000d84613c0) thrown at [C:\re\workspace\8-2-build-windows-amd64-cygwin\jdk8u191\11896\hotspot\src\share\vm\prims\jni.cpp, line 735]
Event: 28.305 Thread 0x0000000002523800 Exception <a 'java/net/SocketTimeoutException': Read timed out> (0x00000000d8472190) thrown at [C:\re\workspace\8-2-build-windows-amd64-cygwin\jdk8u191\11896\hotspot\src\share\vm\prims\jni.cpp, line 735]
Event: 28.386 Thread 0x0000000002523800 Exception <a 'java/net/SocketTimeoutException': Read timed out> (0x00000000d852e620) thrown at [C:\re\workspace\8-2-build-windows-amd64-cygwin\jdk8u191\11896\hotspot\src\share\vm\prims\jni.cpp, line 735]
Event: 28.453 Thread 0x0000000002523800 Exception <a 'java/net/SocketTimeoutException': Read timed out> (0x00000000d8540e40) thrown at [C:\re\workspace\8-2-build-windows-amd64-cygwin\jdk8u191\11896\hotspot\src\share\vm\prims\jni.cpp, line 735]
Event: 28.510 Thread 0x0000000002523800 Exception <a 'java/net/SocketTimeoutException': Read timed out> (0x00000000d855ed48) thrown at [C:\re\workspace\8-2-build-windows-amd64-cygwin\jdk8u191\11896\hotspot\src\share\vm\prims\jni.cpp, line 735]
Event: 28.599 Thread 0x0000000002523800 Exception <a 'java/net/SocketTimeoutException': Read timed out> (0x00000000d856f4f0) thrown at [C:\re\workspace\8-2-build-windows-amd64-cygwin\jdk8u191\11896\hotspot\src\share\vm\prims\jni.cpp, line 735]
Event: 28.719 Thread 0x0000000002523800 Exception <a 'java/net/SocketTimeoutException': Read timed out> (0x00000000d8585720) thrown at [C:\re\workspace\8-2-build-windows-amd64-cygwin\jdk8u191\11896\hotspot\src\share\vm\prims\jni.cpp, line 735]
Event: 28.854 Thread 0x0000000002523800 Exception <a 'java/net/SocketTimeoutException': Read timed out> (0x00000000d85a2570) thrown at [C:\re\workspace\8-2-build-windows-amd64-cygwin\jdk8u191\11896\hotspot\src\share\vm\prims\jni.cpp, line 735]

Events (10 events):
Event: 31.974 loading class java/time/temporal/Temporal
Event: 31.974 loading class java/time/temporal/TemporalAccessor
Event: 31.974 loading class java/time/temporal/TemporalAccessor done
Event: 31.974 loading class java/time/temporal/Temporal done
Event: 31.974 loading class java/time/temporal/TemporalAdjuster
Event: 31.974 loading class java/time/temporal/TemporalAdjuster done
Event: 31.974 loading class java/time/chrono/ChronoLocalDateTime
Event: 31.974 loading class java/time/chrono/ChronoLocalDateTime done
Event: 31.975 loading class java/time/LocalDateTime done
Event: 31.975 loading class java/time/ZoneOffset


Dynamic libraries:
0x00007ff6fe090000 - 0x00007ff6fe0c7000 	C:\Program Files\Java\jdk1.8.0_191\bin\java.exe
0x00007ff9aba20000 - 0x00007ff9abc10000 	C:\WINDOWS\SYSTEM32\ntdll.dll
0x00007ff9aa870000 - 0x00007ff9aa922000 	C:\WINDOWS\System32\KERNEL32.DLL
0x00007ff9a8a30000 - 0x00007ff9a8cd3000 	C:\WINDOWS\System32\KERNELBASE.dll
0x00007ff9ab5f0000 - 0x00007ff9ab693000 	C:\WINDOWS\System32\ADVAPI32.dll
0x00007ff9aac00000 - 0x00007ff9aac9e000 	C:\WINDOWS\System32\msvcrt.dll
0x00007ff9a9ab0000 - 0x00007ff9a9b47000 	C:\WINDOWS\System32\sechost.dll
0x00007ff9aa930000 - 0x00007ff9aaa50000 	C:\WINDOWS\System32\RPCRT4.dll
0x00007ff9ab780000 - 0x00007ff9ab914000 	C:\WINDOWS\System32\USER32.dll
0x00007ff9a8980000 - 0x00007ff9a89a1000 	C:\WINDOWS\System32\win32u.dll
0x00007ff9aa130000 - 0x00007ff9aa156000 	C:\WINDOWS\System32\GDI32.dll
0x00007ff9a9900000 - 0x00007ff9a9a94000 	C:\WINDOWS\System32\gdi32full.dll
0x00007ff9a9090000 - 0x00007ff9a912e000 	C:\WINDOWS\System32\msvcp_win.dll
0x00007ff9a8ce0000 - 0x00007ff9a8dda000 	C:\WINDOWS\System32\ucrtbase.dll
0x00007ff992280000 - 0x00007ff992505000 	C:\WINDOWS\WinSxS\amd64_microsoft.windows.common-controls_6595b64144ccf1df_6.0.18362.657_none_e6c5b579130e3898\COMCTL32.dll
0x00007ff9ab150000 - 0x00007ff9ab486000 	C:\WINDOWS\System32\combase.dll
0x00007ff9a89b0000 - 0x00007ff9a8a30000 	C:\WINDOWS\System32\bcryptPrimitives.dll
0x00007ff9a9b50000 - 0x00007ff9a9b7e000 	C:\WINDOWS\System32\IMM32.DLL
0x000000005c9d0000 - 0x000000005caa2000 	C:\Program Files\Java\jdk1.8.0_191\jre\bin\msvcr100.dll
0x000000005c120000 - 0x000000005c9c4000 	C:\Program Files\Java\jdk1.8.0_191\jre\bin\server\jvm.dll
0x00007ff9ab920000 - 0x00007ff9ab928000 	C:\WINDOWS\System32\PSAPI.DLL
0x00007ff989d20000 - 0x00007ff989d29000 	C:\WINDOWS\SYSTEM32\WSOCK32.dll
0x00007ff9aadf0000 - 0x00007ff9aae5f000 	C:\WINDOWS\System32\WS2_32.dll
0x00007ff998a20000 - 0x00007ff998a2a000 	C:\WINDOWS\SYSTEM32\VERSION.dll
0x00007ff9a5580000 - 0x00007ff9a55a4000 	C:\WINDOWS\SYSTEM32\WINMM.dll
0x00007ff9a5550000 - 0x00007ff9a557d000 	C:\WINDOWS\SYSTEM32\WINMMBASE.dll
0x00007ff9a8e90000 - 0x00007ff9a8eda000 	C:\WINDOWS\System32\cfgmgr32.dll
0x000000005c110000 - 0x000000005c11f000 	C:\Program Files\Java\jdk1.8.0_191\jre\bin\verify.dll
0x000000005c0e0000 - 0x000000005c109000 	C:\Program Files\Java\jdk1.8.0_191\jre\bin\java.dll
0x000000005c0b0000 - 0x000000005c0d3000 	C:\Program Files\Java\jdk1.8.0_191\jre\bin\instrument.dll
0x000000005c090000 - 0x000000005c0a6000 	C:\Program Files\Java\jdk1.8.0_191\jre\bin\zip.dll
0x00007ff9aa160000 - 0x00007ff9aa845000 	C:\WINDOWS\System32\SHELL32.dll
0x00007ff9aafe0000 - 0x00007ff9ab089000 	C:\WINDOWS\System32\shcore.dll
0x00007ff9a9180000 - 0x00007ff9a98ff000 	C:\WINDOWS\System32\windows.storage.dll
0x00007ff9a8920000 - 0x00007ff9a893f000 	C:\WINDOWS\System32\profapi.dll
0x00007ff9a88d0000 - 0x00007ff9a891a000 	C:\WINDOWS\System32\powrprof.dll
0x00007ff9a88c0000 - 0x00007ff9a88d0000 	C:\WINDOWS\System32\UMPDC.dll
0x00007ff9ab0f0000 - 0x00007ff9ab142000 	C:\WINDOWS\System32\shlwapi.dll
0x00007ff9a8940000 - 0x00007ff9a8951000 	C:\WINDOWS\System32\kernel.appcore.dll
0x00007ff9a9130000 - 0x00007ff9a9147000 	C:\WINDOWS\System32\cryptsp.dll
0x00007ff9a5630000 - 0x00007ff9a564a000 	C:\Program Files\JetBrains\IntelliJ IDEA Community Edition 2020.3\bin\breakgen64.dll
0x000000005c070000 - 0x000000005c08a000 	C:\Program Files\Java\jdk1.8.0_191\jre\bin\net.dll
0x00007ff9a8130000 - 0x00007ff9a8197000 	C:\WINDOWS\system32\mswsock.dll
0x00007ff9a7e80000 - 0x00007ff9a7f4a000 	C:\WINDOWS\SYSTEM32\DNSAPI.dll
0x00007ff9ab770000 - 0x00007ff9ab778000 	C:\WINDOWS\System32\NSI.dll
0x00007ff9a7e40000 - 0x00007ff9a7e7a000 	C:\WINDOWS\SYSTEM32\IPHLPAPI.DLL
0x000000005d610000 - 0x000000005d636000 	C:\Program Files\Bonjour\mdnsNSP.dll
0x00007ff9954e0000 - 0x00007ff9954ea000 	C:\Windows\System32\rasadhlp.dll
0x00007ff999cc0000 - 0x00007ff999d37000 	C:\WINDOWS\System32\fwpuclnt.dll
0x00007ff9a9150000 - 0x00007ff9a9176000 	C:\WINDOWS\System32\bcrypt.dll
0x000000005c020000 - 0x000000005c044000 	C:\Program Files\Java\jdk1.8.0_191\jre\bin\sunec.dll
0x000000005c010000 - 0x000000005c01b000 	C:\Program Files\Java\jdk1.8.0_191\jre\bin\sunmscapi.dll
0x00007ff9a8f40000 - 0x00007ff9a9089000 	C:\WINDOWS\System32\CRYPT32.dll
0x00007ff9a8960000 - 0x00007ff9a8972000 	C:\WINDOWS\System32\MSASN1.dll
0x00007ff999e20000 - 0x00007ff999e36000 	C:\WINDOWS\SYSTEM32\dhcpcsvc6.DLL
0x00007ff99a160000 - 0x00007ff99a17c000 	C:\WINDOWS\SYSTEM32\dhcpcsvc.DLL
0x000000005c050000 - 0x000000005c061000 	C:\Program Files\Java\jdk1.8.0_191\jre\bin\nio.dll
0x00007ff9a7ca0000 - 0x00007ff9a7cd3000 	C:\WINDOWS\system32\rsaenh.dll
0x00007ff9a87e0000 - 0x00007ff9a8805000 	C:\WINDOWS\SYSTEM32\USERENV.dll
0x00007ff9a8300000 - 0x00007ff9a830c000 	C:\WINDOWS\SYSTEM32\CRYPTBASE.dll

VM Arguments:
jvm_args: -ea -Didea.test.cyclic.buffer.size=1048576 -javaagent:C:\Program Files\JetBrains\IntelliJ IDEA Community Edition 2020.3\lib\idea_rt.jar=65433:C:\Program Files\JetBrains\IntelliJ IDEA Community Edition 2020.3\bin -Dfile.encoding=UTF-8 
java_command: com.intellij.rt.junit.JUnitStarter -ideVersion5 -junit4 TestExo2,test
java_class_path (initial): C:\Program Files\JetBrains\IntelliJ IDEA Community Edition 2020.3\lib\idea_rt.jar;C:\Program Files\JetBrains\IntelliJ IDEA Community Edition 2020.3\plugins\junit\lib\junit5-rt.jar;C:\Program Files\JetBrains\IntelliJ IDEA Community Edition 2020.3\plugins\junit\lib\junit-rt.jar;C:\Program Files\Java\jdk1.8.0_191\jre\lib\charsets.jar;C:\Program Files\Java\jdk1.8.0_191\jre\lib\deploy.jar;C:\Program Files\Java\jdk1.8.0_191\jre\lib\ext\access-bridge-64.jar;C:\Program Files\Java\jdk1.8.0_191\jre\lib\ext\cldrdata.jar;C:\Program Files\Java\jdk1.8.0_191\jre\lib\ext\dnsns.jar;C:\Program Files\Java\jdk1.8.0_191\jre\lib\ext\jaccess.jar;C:\Program Files\Java\jdk1.8.0_191\jre\lib\ext\jfxrt.jar;C:\Program Files\Java\jdk1.8.0_191\jre\lib\ext\localedata.jar;C:\Program Files\Java\jdk1.8.0_191\jre\lib\ext\nashorn.jar;C:\Program Files\Java\jdk1.8.0_191\jre\lib\ext\sunec.jar;C:\Program Files\Java\jdk1.8.0_191\jre\lib\ext\sunjce_provider.jar;C:\Program Files\Java\jdk1.8.0_191\jre\lib\ext\sunmscapi.jar;C:\Program Files\Java\jdk1.8.0_191\jre\lib\ext\sunpkcs11.jar;C:\Program Files\Java\jdk1.8.0_191\jre\lib\ext\zipfs.jar;C:\Program Files\Java\jdk1.8.0_191\jre\lib\javaws.jar;C:\Program Files\Java\jdk1.8.0_191\jre\lib\jce.jar;C:\Program Files\Java\jdk1.8.0_191\jre\lib\jfr.jar;C:\Program Files\Java\jdk1.8.0_191\jre\lib\jfxswt.jar;C:\Program Files\Java\jdk1.8.0_191\jre\lib\jsse.jar;C:\Program Files\Java\jdk1.8.0_191\jre\lib\management-agent.jar;C:\Program Files\Java\jdk1.8.0_191\jre\lib\plugin.jar;C:\Program Files\Java\jdk1.8.0_191\jre\lib\resources.jar;C:\Program Files\Java\jdk1.8.0_191\jre\lib\rt.jar;C:\Users\Admin\IdeaProjects\EXO3-TP2\out\production\EXO3-TP2;C:\Users\Admin\Downloads\lib\byte-buddy-1.8.15.jar;C:\Users\Admin\Downloads\lib\client-combined-3.14.0.jar;C:\Users\Admin\Downloads\lib\commons-codec-1.10.jar;C:\Users\Admin\Downloads\lib\commons-exec-1.3.jar;C:\Users\Admin\Downloads\lib\commons-logging-1.2.jar;C:\Users\Admin\Downloads\lib\guava-25.0-jre.jar;C
Launcher Type: SUN_STANDARD

Environment Variables:
PATH=C:\Program Files (x86)\Common Files\Oracle\Java\javapath;C:\WINDOWS\system32;C:\WINDOWS;C:\WINDOWS\System32\Wbem;C:\WINDOWS\System32\WindowsPowerShell\v1.0\;C:\Program Files\Git\cmd;C:\WINDOWS\System32\OpenSSH\;C:\wamp64\bin\php\php7.2.4;C:\ProgramData\ComposerSetup\bin;C:\Program Files\nodejs\;C:\Program Files\nodejs;C:\wamp64\bin\php\php5.6.40;C:\xampp\php;C:\Users\Admin\AppData\Local\Microsoft\WindowsApps;;C:\Users\Admin\AppData\Local\Programs\Microsoft VS Code\bin;C:\Users\Admin\AppData\Roaming\Composer\vendor\bin;C:\Users\Admin\AppData\Roaming\npm;C:\Program Files\JetBrains\IntelliJ IDEA Community Edition 2020.3\bin;
USERNAME=Admin
OS=Windows_NT
PROCESSOR_IDENTIFIER=Intel64 Family 6 Model 78 Stepping 3, GenuineIntel



---------------  S Y S T E M  ---------------

OS: Windows 10.0 , 64 bit Build 18362 (10.0.18362.329)

CPU:total 4 (initial active 4) (2 cores per cpu, 2 threads per core) family 6 model 78 stepping 3, cmov, cx8, fxsr, mmx, sse, sse2, sse3, ssse3, sse4.1, sse4.2, popcnt, avx, avx2, aes, clmul, erms, 3dnowpref, lzcnt, ht, tsc, tscinvbit, bmi1, bmi2, adx

Memory: 4k page, physical 8082912k(1127312k free), swap 9131488k(3236k free)

vm_info: Java HotSpot(TM) 64-Bit Server VM (25.191-b12) for windows-amd64 JRE (1.8.0_191-b12), built on Oct  6 2018 09:29:03 by "java_re" with MS VC++ 10.0 (VS2010)

time: Sat Jan 02 14:37:18 2021
elapsed time: 31 seconds (0d 0h 0m 31s)

